This is pdfTeX, Version 3.141592653-2.6-1.40.24 (TeX Live 2022/Debian) (preloaded format=pdflatex 2022.11.4)  30 MAY 2023 10:00
entering extended mode
 restricted \write18 enabled.
 %&-line parsing enabled.
**article.tex
(./article.tex
LaTeX2e <2022-06-01> patch level 5
L3 programming layer <2022-07-15> (./elsarticle.cls
Document Class: elsarticle 2020/11/20, 3.3: Elsevier Ltd
(/usr/share/texlive/texmf-dist/tex/latex/l3kernel/expl3.sty
Package: expl3 2022-07-15 L3 programming layer (loader) 
(/usr/share/texlive/texmf-dist/tex/latex/l3backend/l3backend-pdftex.def
File: l3backend-pdftex.def 2022-07-01 L3 backend support: PDF output (pdfTeX)
\l__color_backend_stack_int=\count185
\l__pdf_internal_box=\box51
)) (/usr/share/texlive/texmf-dist/tex/latex/l3packages/xparse/xparse.sty
Package: xparse 2022-06-22 L3 Experimental document command parser
) (/usr/share/texlive/texmf-dist/tex/latex/etoolbox/etoolbox.sty
Package: etoolbox 2020/10/05 v2.5k e-TeX tools for LaTeX (JAW)
\etb@tempcnta=\count186
)
\@bls=\dimen138
(/usr/share/texlive/texmf-dist/tex/latex/base/article.cls
Document Class: article 2021/10/04 v1.4n Standard LaTeX document class
(/usr/share/texlive/texmf-dist/tex/latex/base/size10.clo
File: size10.clo 2021/10/04 v1.4n Standard LaTeX file (size option)
)
\c@part=\count187
\c@section=\count188
\c@subsection=\count189
\c@subsubsection=\count190
\c@paragraph=\count191
\c@subparagraph=\count192
\c@figure=\count193
\c@table=\count194
\abovecaptionskip=\skip47
\belowcaptionskip=\skip48
\bibindent=\dimen139
) (/usr/share/texlive/texmf-dist/tex/latex/graphics/graphicx.sty
Package: graphicx 2021/09/16 v1.2d Enhanced LaTeX Graphics (DPC,SPQR)
(/usr/share/texlive/texmf-dist/tex/latex/graphics/keyval.sty
Package: keyval 2022/05/29 v1.15 key=value parser (DPC)
\KV@toks@=\toks16
) (/usr/share/texlive/texmf-dist/tex/latex/graphics/graphics.sty
Package: graphics 2022/03/10 v1.4e Standard LaTeX Graphics (DPC,SPQR)
(/usr/share/texlive/texmf-dist/tex/latex/graphics/trig.sty
Package: trig 2021/08/11 v1.11 sin cos tan (DPC)
) (/usr/share/texlive/texmf-dist/tex/latex/graphics-cfg/graphics.cfg
File: graphics.cfg 2016/06/04 v1.11 sample graphics configuration
)
Package graphics Info: Driver file: pdftex.def on input line 107.
(/usr/share/texlive/texmf-dist/tex/latex/graphics-def/pdftex.def
File: pdftex.def 2020/10/05 v1.2a Graphics/color driver for pdftex
))
\Gin@req@height=\dimen140
\Gin@req@width=\dimen141
)
\c@tnote=\count195
\c@fnote=\count196
\c@cnote=\count197
\c@ead=\count198
\c@author=\count199
\@eadauthor=\toks17
\c@affn=\count266
\absbox=\box52
\elsarticlehighlightsbox=\box53
\elsarticlegrabsbox=\box54
\keybox=\box55
\Columnwidth=\dimen142
\space@left=\dimen143
\els@boxa=\box56
\els@boxb=\box57
\leftMargin=\dimen144
\@enLab=\toks18
\@sep=\skip49
\@@sep=\skip50
(./article.spl) (/usr/share/texlive/texmf-dist/tex/latex/natbib/natbib.sty
Package: natbib 2010/09/13 8.31b (PWD, AO)
\bibhang=\skip51
\bibsep=\skip52
LaTeX Info: Redefining \cite on input line 694.
\c@NAT@ctr=\count267
)
\splwrite=\write3
\openout3 = `article.spl'.

(/usr/share/texlive/texmf-dist/tex/latex/geometry/geometry.sty
Package: geometry 2020/01/02 v5.9 Page Geometry
(/usr/share/texlive/texmf-dist/tex/generic/iftex/ifvtex.sty
Package: ifvtex 2019/10/25 v1.7 ifvtex legacy package. Use iftex instead.
(/usr/share/texlive/texmf-dist/tex/generic/iftex/iftex.sty
Package: iftex 2022/02/03 v1.0f TeX engine tests
))
\Gm@cnth=\count268
\Gm@cntv=\count269
\c@Gm@tempcnt=\count270
\Gm@bindingoffset=\dimen145
\Gm@wd@mp=\dimen146
\Gm@odd@mp=\dimen147
\Gm@even@mp=\dimen148
\Gm@layoutwidth=\dimen149
\Gm@layoutheight=\dimen150
\Gm@layouthoffset=\dimen151
\Gm@layoutvoffset=\dimen152
\Gm@dimlist=\toks19
)
\appnamewidth=\dimen153
) (/usr/share/texlive/texmf-dist/tex/latex/url/url.sty
\Urlmuskip=\muskip16
Package: url 2013/09/16  ver 3.4  Verb mode for urls, etc.
) (/usr/share/texlive/texmf-dist/tex/latex/base/fontenc.sty
Package: fontenc 2021/04/29 v2.0v Standard LaTeX package
) (/usr/share/texmf/tex/latex/lm/lmodern.sty
Package: lmodern 2015/05/01 v1.6.1 Latin Modern Fonts
LaTeX Font Info:    Overwriting symbol font `operators' in version `normal'
(Font)                  OT1/cmr/m/n --> OT1/lmr/m/n on input line 22.
LaTeX Font Info:    Overwriting symbol font `letters' in version `normal'
(Font)                  OML/cmm/m/it --> OML/lmm/m/it on input line 23.
LaTeX Font Info:    Overwriting symbol font `symbols' in version `normal'
(Font)                  OMS/cmsy/m/n --> OMS/lmsy/m/n on input line 24.
LaTeX Font Info:    Overwriting symbol font `largesymbols' in version `normal'
(Font)                  OMX/cmex/m/n --> OMX/lmex/m/n on input line 25.
LaTeX Font Info:    Overwriting symbol font `operators' in version `bold'
(Font)                  OT1/cmr/bx/n --> OT1/lmr/bx/n on input line 26.
LaTeX Font Info:    Overwriting symbol font `letters' in version `bold'
(Font)                  OML/cmm/b/it --> OML/lmm/b/it on input line 27.
LaTeX Font Info:    Overwriting symbol font `symbols' in version `bold'
(Font)                  OMS/cmsy/b/n --> OMS/lmsy/b/n on input line 28.
LaTeX Font Info:    Overwriting symbol font `largesymbols' in version `bold'
(Font)                  OMX/cmex/m/n --> OMX/lmex/m/n on input line 29.
LaTeX Font Info:    Overwriting math alphabet `\mathbf' in version `normal'
(Font)                  OT1/cmr/bx/n --> OT1/lmr/bx/n on input line 31.
LaTeX Font Info:    Overwriting math alphabet `\mathsf' in version `normal'
(Font)                  OT1/cmss/m/n --> OT1/lmss/m/n on input line 32.
LaTeX Font Info:    Overwriting math alphabet `\mathit' in version `normal'
(Font)                  OT1/cmr/m/it --> OT1/lmr/m/it on input line 33.
LaTeX Font Info:    Overwriting math alphabet `\mathtt' in version `normal'
(Font)                  OT1/cmtt/m/n --> OT1/lmtt/m/n on input line 34.
LaTeX Font Info:    Overwriting math alphabet `\mathbf' in version `bold'
(Font)                  OT1/cmr/bx/n --> OT1/lmr/bx/n on input line 35.
LaTeX Font Info:    Overwriting math alphabet `\mathsf' in version `bold'
(Font)                  OT1/cmss/bx/n --> OT1/lmss/bx/n on input line 36.
LaTeX Font Info:    Overwriting math alphabet `\mathit' in version `bold'
(Font)                  OT1/cmr/bx/it --> OT1/lmr/bx/it on input line 37.
LaTeX Font Info:    Overwriting math alphabet `\mathtt' in version `bold'
(Font)                  OT1/cmtt/m/n --> OT1/lmtt/m/n on input line 38.
) (/usr/share/texlive/texmf-dist/tex/latex/amsfonts/amssymb.sty
Package: amssymb 2013/01/14 v3.01 AMS font symbols
(/usr/share/texlive/texmf-dist/tex/latex/amsfonts/amsfonts.sty
Package: amsfonts 2013/01/14 v3.01 Basic AMSFonts support
\@emptytoks=\toks20
\symAMSa=\mathgroup4
\symAMSb=\mathgroup5
LaTeX Font Info:    Redeclaring math symbol \hbar on input line 98.
LaTeX Font Info:    Overwriting math alphabet `\mathfrak' in version `bold'
(Font)                  U/euf/m/n --> U/euf/b/n on input line 106.
)) (/usr/share/texlive/texmf-dist/tex/latex/amsmath/amsmath.sty
Package: amsmath 2022/04/08 v2.17n AMS math features
\@mathmargin=\skip53
For additional information on amsmath, use the `?' option.
(/usr/share/texlive/texmf-dist/tex/latex/amsmath/amstext.sty
Package: amstext 2021/08/26 v2.01 AMS text
(/usr/share/texlive/texmf-dist/tex/latex/amsmath/amsgen.sty
File: amsgen.sty 1999/11/30 v2.0 generic functions
\@emptytoks=\toks21
\ex@=\dimen154
)) (/usr/share/texlive/texmf-dist/tex/latex/amsmath/amsbsy.sty
Package: amsbsy 1999/11/29 v1.2d Bold Symbols
\pmbraise@=\dimen155
) (/usr/share/texlive/texmf-dist/tex/latex/amsmath/amsopn.sty
Package: amsopn 2022/04/08 v2.04 operator names
)
\inf@bad=\count271
LaTeX Info: Redefining \frac on input line 234.
\uproot@=\count272
\leftroot@=\count273
LaTeX Info: Redefining \overline on input line 399.
LaTeX Info: Redefining \colon on input line 410.
\classnum@=\count274
\DOTSCASE@=\count275
LaTeX Info: Redefining \ldots on input line 496.
LaTeX Info: Redefining \dots on input line 499.
LaTeX Info: Redefining \cdots on input line 620.
\Mathstrutbox@=\box58
\strutbox@=\box59
LaTeX Info: Redefining \big on input line 722.
LaTeX Info: Redefining \Big on input line 723.
LaTeX Info: Redefining \bigg on input line 724.
LaTeX Info: Redefining \Bigg on input line 725.
\big@size=\dimen156
LaTeX Font Info:    Redeclaring font encoding OML on input line 743.
LaTeX Font Info:    Redeclaring font encoding OMS on input line 744.
\macc@depth=\count276
LaTeX Info: Redefining \bmod on input line 905.
LaTeX Info: Redefining \pmod on input line 910.
LaTeX Info: Redefining \smash on input line 940.
LaTeX Info: Redefining \relbar on input line 970.
LaTeX Info: Redefining \Relbar on input line 971.
\c@MaxMatrixCols=\count277
\dotsspace@=\muskip17
\c@parentequation=\count278
\dspbrk@lvl=\count279
\tag@help=\toks22
\row@=\count280
\column@=\count281
\maxfields@=\count282
\andhelp@=\toks23
\eqnshift@=\dimen157
\alignsep@=\dimen158
\tagshift@=\dimen159
\tagwidth@=\dimen160
\totwidth@=\dimen161
\lineht@=\dimen162
\@envbody=\toks24
\multlinegap=\skip54
\multlinetaggap=\skip55
\mathdisplay@stack=\toks25
LaTeX Info: Redefining \[ on input line 2953.
LaTeX Info: Redefining \] on input line 2954.
) (/usr/share/texlive/texmf-dist/tex/latex/lineno/lineno.sty
Package: lineno 2005/11/02 line numbers on paragraphs v4.41
\linenopenalty=\count283
\output=\toks26
\linenoprevgraf=\count284
\linenumbersep=\dimen163
\linenumberwidth=\dimen164
\c@linenumber=\count285
\c@pagewiselinenumber=\count286
\c@LN@truepage=\count287
\c@internallinenumber=\count288
\c@internallinenumbers=\count289
\quotelinenumbersep=\dimen165
\bframerule=\dimen166
\bframesep=\dimen167
\bframebox=\box60
LaTeX Info: Redefining \\ on input line 3056.
) (/usr/share/texlive/texmf-dist/tex/generic/iftex/ifxetex.sty
Package: ifxetex 2019/10/25 v0.7 ifxetex legacy package. Use iftex instead.
) (/usr/share/texlive/texmf-dist/tex/generic/iftex/ifluatex.sty
Package: ifluatex 2019/10/25 v1.5 ifluatex legacy package. Use iftex instead.
) (/usr/share/texlive/texmf-dist/tex/latex/base/fixltx2e.sty
Package: fixltx2e 2016/12/29 v2.1a fixes to LaTeX (obsolete)
Applying: [2015/01/01] Old fixltx2e package on input line 46.

Package fixltx2e Warning: fixltx2e is not required with releases after 2015
(fixltx2e)                All fixes are now in the LaTeX kernel.
(fixltx2e)                See the latexrelease package for details.

Already applied: [0000/00/00] Old fixltx2e package on input line 53.
) (/usr/share/texlive/texmf-dist/tex/latex/upquote/upquote.sty
Package: upquote 2012/04/19 v1.3 upright-quote and grave-accent glyphs in verba
tim
(/usr/share/texlive/texmf-dist/tex/latex/base/textcomp.sty
Package: textcomp 2020/02/02 v2.0n Standard LaTeX package
)) (/usr/share/texlive/texmf-dist/tex/latex/base/inputenc.sty
Package: inputenc 2021/02/14 v1.3d Input encoding file
\inpenc@prehook=\toks27
\inpenc@posthook=\toks28
) (/usr/share/texlive/texmf-dist/tex/latex/microtype/microtype.sty
Package: microtype 2022/06/23 v3.0f Micro-typographical refinements (RS)
\MT@toks=\toks29
\MT@tempbox=\box61
\MT@count=\count290
LaTeX Info: Redefining \noprotrusionifhmode on input line 1045.
LaTeX Info: Redefining \leftprotrusion on input line 1046.
LaTeX Info: Redefining \rightprotrusion on input line 1056.
LaTeX Info: Redefining \textls on input line 1234.
\MT@outer@kern=\dimen168
LaTeX Info: Redefining \textmicrotypecontext on input line 1858.
\MT@listname@count=\count291
(/usr/share/texlive/texmf-dist/tex/latex/microtype/microtype-pdftex.def
File: microtype-pdftex.def 2022/06/23 v3.0f Definitions specific to pdftex (RS)

LaTeX Info: Redefining \lsstyle on input line 900.
LaTeX Info: Redefining \lslig on input line 900.
\MT@outer@space=\skip56
)
Package microtype Info: Loading configuration file microtype.cfg.
(/usr/share/texlive/texmf-dist/tex/latex/microtype/microtype.cfg
File: microtype.cfg 2022/06/23 v3.0f microtype main configuration file (RS)
)) (/usr/share/texlive/texmf-dist/tex/latex/hyperref/hyperref.sty
Package: hyperref 2022-06-20 v7.00s Hypertext links for LaTeX
(/usr/share/texlive/texmf-dist/tex/generic/ltxcmds/ltxcmds.sty
Package: ltxcmds 2020-05-10 v1.25 LaTeX kernel commands for general use (HO)
) (/usr/share/texlive/texmf-dist/tex/generic/pdftexcmds/pdftexcmds.sty
Package: pdftexcmds 2020-06-27 v0.33 Utility functions of pdfTeX for LuaTeX (HO
)
(/usr/share/texlive/texmf-dist/tex/generic/infwarerr/infwarerr.sty
Package: infwarerr 2019/12/03 v1.5 Providing info/warning/error messages (HO)
)
Package pdftexcmds Info: \pdf@primitive is available.
Package pdftexcmds Info: \pdf@ifprimitive is available.
Package pdftexcmds Info: \pdfdraftmode found.
) (/usr/share/texlive/texmf-dist/tex/generic/kvsetkeys/kvsetkeys.sty
Package: kvsetkeys 2019/12/15 v1.18 Key value parser (HO)
) (/usr/share/texlive/texmf-dist/tex/generic/kvdefinekeys/kvdefinekeys.sty
Package: kvdefinekeys 2019-12-19 v1.6 Define keys (HO)
) (/usr/share/texlive/texmf-dist/tex/generic/pdfescape/pdfescape.sty
Package: pdfescape 2019/12/09 v1.15 Implements pdfTeX's escape features (HO)
) (/usr/share/texlive/texmf-dist/tex/latex/hycolor/hycolor.sty
Package: hycolor 2020-01-27 v1.10 Color options for hyperref/bookmark (HO)
) (/usr/share/texlive/texmf-dist/tex/latex/letltxmacro/letltxmacro.sty
Package: letltxmacro 2019/12/03 v1.6 Let assignment for LaTeX macros (HO)
) (/usr/share/texlive/texmf-dist/tex/latex/auxhook/auxhook.sty
Package: auxhook 2019-12-17 v1.6 Hooks for auxiliary files (HO)
) (/usr/share/texlive/texmf-dist/tex/latex/hyperref/nameref.sty
Package: nameref 2022-05-17 v2.50 Cross-referencing by name of section
(/usr/share/texlive/texmf-dist/tex/latex/refcount/refcount.sty
Package: refcount 2019/12/15 v3.6 Data extraction from label references (HO)
) (/usr/share/texlive/texmf-dist/tex/generic/gettitlestring/gettitlestring.sty
Package: gettitlestring 2019/12/15 v1.6 Cleanup title references (HO)
(/usr/share/texlive/texmf-dist/tex/latex/kvoptions/kvoptions.sty
Package: kvoptions 2022-06-15 v3.15 Key value format for package options (HO)
))
\c@section@level=\count292
)
\@linkdim=\dimen169
\Hy@linkcounter=\count293
\Hy@pagecounter=\count294
(/usr/share/texlive/texmf-dist/tex/latex/hyperref/pd1enc.def
File: pd1enc.def 2022-06-20 v7.00s Hyperref: PDFDocEncoding definition (HO)
Now handling font encoding PD1 ...
... no UTF-8 mapping file for font encoding PD1
) (/usr/share/texlive/texmf-dist/tex/generic/intcalc/intcalc.sty
Package: intcalc 2019/12/15 v1.3 Expandable calculations with integers (HO)
) (/usr/share/texlive/texmf-dist/tex/generic/etexcmds/etexcmds.sty
Package: etexcmds 2019/12/15 v1.7 Avoid name clashes with e-TeX commands (HO)
)
\Hy@SavedSpaceFactor=\count295
(/usr/share/texlive/texmf-dist/tex/latex/hyperref/puenc.def
File: puenc.def 2022-06-20 v7.00s Hyperref: PDF Unicode definition (HO)
Now handling font encoding PU ...
... no UTF-8 mapping file for font encoding PU
)
Package hyperref Info: Option `unicode' set `true' on input line 4045.
Package hyperref Info: Hyper figures OFF on input line 4162.
Package hyperref Info: Link nesting OFF on input line 4167.
Package hyperref Info: Hyper index ON on input line 4170.
Package hyperref Info: Plain pages OFF on input line 4177.
Package hyperref Info: Backreferencing OFF on input line 4182.
Package hyperref Info: Implicit mode ON; LaTeX internals redefined.
Package hyperref Info: Bookmarks ON on input line 4408.
\c@Hy@tempcnt=\count296
LaTeX Info: Redefining \url on input line 4746.
\XeTeXLinkMargin=\dimen170
(/usr/share/texlive/texmf-dist/tex/generic/bitset/bitset.sty
Package: bitset 2019/12/09 v1.3 Handle bit-vector datatype (HO)
(/usr/share/texlive/texmf-dist/tex/generic/bigintcalc/bigintcalc.sty
Package: bigintcalc 2019/12/15 v1.5 Expandable calculations on big integers (HO
)
))
\Fld@menulength=\count297
\Field@Width=\dimen171
\Fld@charsize=\dimen172
Package hyperref Info: Hyper figures OFF on input line 6024.
Package hyperref Info: Link nesting OFF on input line 6029.
Package hyperref Info: Hyper index ON on input line 6032.
Package hyperref Info: backreferencing OFF on input line 6039.
Package hyperref Info: Link coloring OFF on input line 6044.
Package hyperref Info: Link coloring with OCG OFF on input line 6049.
Package hyperref Info: PDF/A mode OFF on input line 6054.
(/usr/share/texlive/texmf-dist/tex/latex/base/atbegshi-ltx.sty
Package: atbegshi-ltx 2021/01/10 v1.0c Emulation of the original atbegshi
package with kernel methods
)
\Hy@abspage=\count298
\c@Item=\count299
\c@Hfootnote=\count300
)
Package hyperref Info: Driver (autodetected): hpdftex.
(/usr/share/texlive/texmf-dist/tex/latex/hyperref/hpdftex.def
File: hpdftex.def 2022-06-20 v7.00s Hyperref driver for pdfTeX
(/usr/share/texlive/texmf-dist/tex/latex/base/atveryend-ltx.sty
Package: atveryend-ltx 2020/08/19 v1.0a Emulation of the original atveryend pac
kage
with kernel methods
)
\Fld@listcount=\count301
\c@bookmark@seq@number=\count302
(/usr/share/texlive/texmf-dist/tex/latex/rerunfilecheck/rerunfilecheck.sty
Package: rerunfilecheck 2022-07-10 v1.10 Rerun checks for auxiliary files (HO)
(/usr/share/texlive/texmf-dist/tex/generic/uniquecounter/uniquecounter.sty
Package: uniquecounter 2019/12/15 v1.4 Provide unlimited unique counter (HO)
)
Package uniquecounter Info: New unique counter `rerunfilecheck' on input line 2
85.
)
\Hy@SectionHShift=\skip57
)
Package hyperref Info: Option `breaklinks' set `true' on input line 51.

Package hyperref Warning: Option `bookmarks' has already been used,
(hyperref)                setting the option has no effect on input line 51.

Package hyperref Info: Option `colorlinks' set `false' on input line 51.
(/usr/share/texlive/texmf-dist/tex/latex/booktabs/booktabs.sty
Package: booktabs 2020/01/12 v1.61803398 Publication quality tables
\heavyrulewidth=\dimen173
\lightrulewidth=\dimen174
\cmidrulewidth=\dimen175
\belowrulesep=\dimen176
\belowbottomsep=\dimen177
\aboverulesep=\dimen178
\abovetopsep=\dimen179
\cmidrulesep=\dimen180
\cmidrulekern=\dimen181
\defaultaddspace=\dimen182
\@cmidla=\count303
\@cmidlb=\count304
\@aboverulesep=\dimen183
\@belowrulesep=\dimen184
\@thisruleclass=\count305
\@lastruleclass=\count306
\@thisrulewidth=\dimen185
) (/usr/share/texlive/texmf-dist/tex/latex/tools/longtable.sty
Package: longtable 2021-09-01 v4.17 Multi-page Table package (DPC)
\LTleft=\skip58
\LTright=\skip59
\LTpre=\skip60
\LTpost=\skip61
\LTchunksize=\count307
\LTcapwidth=\dimen186
\LT@head=\box62
\LT@firsthead=\box63
\LT@foot=\box64
\LT@lastfoot=\box65
\LT@gbox=\box66
\LT@cols=\count308
\LT@rows=\count309
\c@LT@tables=\count310
\c@LT@chunks=\count311
\LT@p@ftn=\toks30
) (/usr/share/texlive/texmf-dist/tex/latex/tools/array.sty
Package: array 2022/03/10 v2.5f Tabular extension package (FMi)
\col@sep=\dimen187
\ar@mcellbox=\box67
\extrarowheight=\dimen188
\NC@list=\toks31
\extratabsurround=\skip62
\backup@length=\skip63
\ar@cellbox=\box68
) (/usr/share/texlive/texmf-dist/tex/latex/multirow/multirow.sty
Package: multirow 2021/03/15 v2.8 Span multiple rows of a table
\multirow@colwidth=\skip64
\multirow@cntb=\count312
\multirow@dima=\skip65
\bigstrutjot=\dimen189
) (/usr/share/texlive/texmf-dist/tex/latex/wrapfig/wrapfig.sty
\wrapoverhang=\dimen190
\WF@size=\dimen191
\c@WF@wrappedlines=\count313
\WF@box=\box69
\WF@everypar=\toks32
Package: wrapfig 2003/01/31  v 3.6
) (/usr/share/texlive/texmf-dist/tex/latex/float/float.sty
Package: float 2001/11/08 v1.3d Float enhancements (AL)
\c@float@type=\count314
\float@exts=\toks33
\float@box=\box70
\@float@everytoks=\toks34
\@floatcapt=\box71
) (/usr/share/texlive/texmf-dist/tex/latex/colortbl/colortbl.sty
Package: colortbl 2020/01/04 v1.0e Color table columns (DPC)
(/usr/share/texlive/texmf-dist/tex/latex/graphics/color.sty
Package: color 2022/01/06 v1.3d Standard LaTeX Color (DPC)
(/usr/share/texlive/texmf-dist/tex/latex/graphics-cfg/color.cfg
File: color.cfg 2016/01/02 v1.6 sample color configuration
)
Package color Info: Driver file: pdftex.def on input line 149.
(/usr/share/texlive/texmf-dist/tex/latex/graphics/mathcolor.ltx))
\everycr=\toks35
\minrowclearance=\skip66
) (/usr/share/texlive/texmf-dist/tex/latex/pdflscape/pdflscape.sty
Package: pdflscape 2019/12/05 v0.12 Display of landscape pages in PDF (HO)
(/usr/share/texlive/texmf-dist/tex/latex/graphics/lscape.sty
Package: lscape 2020/05/28 v3.02 Landscape Pages (DPC)
)
Package pdflscape Info: Auto-detected driver: pdftex on input line 81.
) (/usr/share/texlive/texmf-dist/tex/latex/tabu/tabu.sty
Package: tabu 2019/01/11 v2.9 - flexible LaTeX tabulars (FC+tabu-fixed) + inter
mediate FMi
(/usr/share/texlive/texmf-dist/tex/latex/varwidth/varwidth.sty
Package: varwidth 2009/03/30 ver 0.92;  Variable-width minipages
\@vwid@box=\box72
\sift@deathcycles=\count315
\@vwid@loff=\dimen192
\@vwid@roff=\dimen193
)
\c@taburow=\count316
\tabu@nbcols=\count317
\tabu@cnt=\count318
\tabu@Xcol=\count319
\tabu@alloc=\count320
\tabu@nested=\count321
\tabu@target=\dimen194
\tabu@spreadtarget=\dimen195
\tabu@naturalX=\dimen196
\tabucolX=\dimen197
\tabu@Xsum=\dimen198
\extrarowdepth=\dimen199
\abovetabulinesep=\dimen256
\belowtabulinesep=\dimen257
\tabustrutrule=\dimen258
\tabu@thebody=\toks36
\tabu@footnotes=\toks37
\tabu@box=\box73
\tabu@arstrutbox=\box74
\tabu@hleads=\box75
\tabu@vleads=\box76
\tabu@cellskip=\skip67
) (/usr/share/texlive/texmf-dist/tex/latex/threeparttable/threeparttable.sty
Package: threeparttable 2003/06/13  v 3.0
\@tempboxb=\box77
) (/usr/share/texlive/texmf-dist/tex/latex/threeparttablex/threeparttablex.sty
Package: threeparttablex 2013/07/23 v0.3 by daleif
(/usr/share/texlive/texmf-dist/tex/latex/environ/environ.sty
Package: environ 2014/05/04 v0.3 A new way to define environments
(/usr/share/texlive/texmf-dist/tex/latex/trimspaces/trimspaces.sty
Package: trimspaces 2009/09/17 v1.1 Trim spaces around a token list
))
\TPTL@width=\skip68
) (/usr/share/texlive/texmf-dist/tex/generic/ulem/ulem.sty
\UL@box=\box78
\UL@hyphenbox=\box79
\UL@skip=\skip69
\UL@hook=\toks38
\UL@height=\dimen259
\UL@pe=\count322
\UL@pixel=\dimen260
\ULC@box=\box80
Package: ulem 2019/11/18
\ULdepth=\dimen261
) (/usr/share/texlive/texmf-dist/tex/latex/makecell/makecell.sty
Package: makecell 2009/08/03 V0.1e Managing of Tab Column Heads and Cells
\rotheadsize=\dimen262
\c@nlinenum=\count323
\TeXr@lab=\toks39
) (/usr/share/texlive/texmf-dist/tex/latex/xcolor/xcolor.sty
Package: xcolor 2022/06/12 v2.14 LaTeX color extensions (UK)
(/usr/share/texlive/texmf-dist/tex/latex/graphics-cfg/color.cfg
File: color.cfg 2016/01/02 v1.6 sample color configuration
)
Package xcolor Info: Driver file: pdftex.def on input line 227.
LaTeX Info: Redefining \color on input line 711.
(/usr/share/texlive/texmf-dist/tex/latex/graphics/mathcolor.ltx)
Package xcolor Info: Model `cmy' substituted by `cmy0' on input line 1353.
Package xcolor Info: Model `hsb' substituted by `rgb' on input line 1357.
Package xcolor Info: Model `RGB' extended on input line 1369.
Package xcolor Info: Model `HTML' substituted by `rgb' on input line 1371.
Package xcolor Info: Model `Hsb' substituted by `hsb' on input line 1372.
Package xcolor Info: Model `tHsb' substituted by `hsb' on input line 1373.
Package xcolor Info: Model `HSB' substituted by `hsb' on input line 1374.
Package xcolor Info: Model `Gray' substituted by `gray' on input line 1375.
Package xcolor Info: Model `wave' substituted by `hsb' on input line 1376.
)
LaTeX Font Info:    Trying to load font information for T1+lmr on input line 81
.
(/usr/share/texmf/tex/latex/lm/t1lmr.fd
File: t1lmr.fd 2015/05/01 v1.6.1 Font defs for Latin Modern
) (./article.aux)
\openout1 = `article.aux'.

LaTeX Font Info:    Checking defaults for OML/cmm/m/it on input line 81.
LaTeX Font Info:    ... okay on input line 81.
LaTeX Font Info:    Checking defaults for OMS/cmsy/m/n on input line 81.
LaTeX Font Info:    ... okay on input line 81.
LaTeX Font Info:    Checking defaults for OT1/cmr/m/n on input line 81.
LaTeX Font Info:    ... okay on input line 81.
LaTeX Font Info:    Checking defaults for T1/cmr/m/n on input line 81.
LaTeX Font Info:    ... okay on input line 81.
LaTeX Font Info:    Checking defaults for TS1/cmr/m/n on input line 81.
LaTeX Font Info:    ... okay on input line 81.
LaTeX Font Info:    Checking defaults for OMX/cmex/m/n on input line 81.
LaTeX Font Info:    ... okay on input line 81.
LaTeX Font Info:    Checking defaults for U/cmr/m/n on input line 81.
LaTeX Font Info:    ... okay on input line 81.
LaTeX Font Info:    Checking defaults for PD1/pdf/m/n on input line 81.
LaTeX Font Info:    ... okay on input line 81.
LaTeX Font Info:    Checking defaults for PU/pdf/m/n on input line 81.
LaTeX Font Info:    ... okay on input line 81.
(/usr/share/texlive/texmf-dist/tex/context/base/mkii/supp-pdf.mkii
[Loading MPS to PDF converter (version 2006.09.02).]
\scratchcounter=\count324
\scratchdimen=\dimen263
\scratchbox=\box81
\nofMPsegments=\count325
\nofMParguments=\count326
\everyMPshowfont=\toks40
\MPscratchCnt=\count327
\MPscratchDim=\dimen264
\MPnumerator=\count328
\makeMPintoPDFobject=\count329
\everyMPtoPDFconversion=\toks41
) (/usr/share/texlive/texmf-dist/tex/latex/epstopdf-pkg/epstopdf-base.sty
Package: epstopdf-base 2020-01-24 v2.11 Base part for package epstopdf
Package epstopdf-base Info: Redefining graphics rule for `.eps' on input line 4
85.
(/usr/share/texlive/texmf-dist/tex/latex/latexconfig/epstopdf-sys.cfg
File: epstopdf-sys.cfg 2010/07/13 v1.3 Configuration of (r)epstopdf for TeX Liv
e
))
*geometry* driver: auto-detecting
*geometry* detected driver: pdftex
*geometry* verbose mode - [ preamble ] result:
* driver: pdftex
* paper: custom
* layout: <same size as paper>
* layoutoffset:(h,v)=(0.0pt,0.0pt)
* hratio: 1:1
* vratio: 1:1
* modes: 
* h-part:(L,W,R)=(64.75394pt, 468.0pt, 64.75394pt)
* v-part:(T,H,B)=(111.52342pt, 622.0pt, 111.52342pt)
* \paperwidth=597.50787pt
* \paperheight=845.04684pt
* \textwidth=468.0pt
* \textheight=622.0pt
* \oddsidemargin=-7.51605pt
* \evensidemargin=-7.51605pt
* \topmargin=-22.74657pt
* \headheight=50.0pt
* \headsep=12.0pt
* \topskip=10.0pt
* \footskip=18.0pt
* \marginparwidth=65.0pt
* \marginparsep=11.0pt
* \columnsep=24.0pt
* \skip\footins=24.0pt plus 2.0pt minus 12.0pt
* \hoffset=0.0pt
* \voffset=0.0pt
* \mag=1000
* \@twocolumnfalse
* \@twosidefalse
* \@mparswitchfalse
* \@reversemarginfalse
* (1in=72.27pt=25.4mm, 1cm=28.453pt)

LaTeX Info: Redefining \microtypecontext on input line 81.
Package microtype Info: Applying patch `item' on input line 81.
Package microtype Info: Applying patch `toc' on input line 81.
Package microtype Info: Applying patch `eqnum' on input line 81.
Package microtype Info: Applying patch `footnote' on input line 81.
Package microtype Info: Generating PDF output.
Package microtype Info: Character protrusion enabled (level 2).
Package microtype Info: Using default protrusion set `alltext'.
Package microtype Info: Automatic font expansion enabled (level 2),
(microtype)             stretch: 20, shrink: 20, step: 1, non-selected.
Package microtype Info: Using default expansion set `alltext-nott'.
LaTeX Info: Redefining \showhyphens on input line 81.
Package microtype Info: No adjustment of tracking.
Package microtype Info: No adjustment of interword spacing.
Package microtype Info: No adjustment of character kerning.
(/usr/share/texlive/texmf-dist/tex/latex/microtype/mt-cmr.cfg
File: mt-cmr.cfg 2013/05/19 v2.2 microtype config. file: Computer Modern Roman 
(RS)
)
Package hyperref Info: Link coloring OFF on input line 81.
(./article.out) (./article.out)
\@outlinefile=\write4
\openout4 = `article.out'.

LaTeX Font Info:    Trying to load font information for OT1+lmr on input line 1
31.
(/usr/share/texmf/tex/latex/lm/ot1lmr.fd
File: ot1lmr.fd 2015/05/01 v1.6.1 Font defs for Latin Modern
)
LaTeX Font Info:    Trying to load font information for OML+lmm on input line 1
31.
(/usr/share/texmf/tex/latex/lm/omllmm.fd
File: omllmm.fd 2015/05/01 v1.6.1 Font defs for Latin Modern
)
LaTeX Font Info:    Trying to load font information for OMS+lmsy on input line 
131.
(/usr/share/texmf/tex/latex/lm/omslmsy.fd
File: omslmsy.fd 2015/05/01 v1.6.1 Font defs for Latin Modern
)
LaTeX Font Info:    Trying to load font information for OMX+lmex on input line 
131.
(/usr/share/texmf/tex/latex/lm/omxlmex.fd
File: omxlmex.fd 2015/05/01 v1.6.1 Font defs for Latin Modern
)
LaTeX Font Info:    External font `lmex10' loaded for size
(Font)              <10> on input line 131.
LaTeX Font Info:    External font `lmex10' loaded for size
(Font)              <7> on input line 131.
LaTeX Font Info:    External font `lmex10' loaded for size
(Font)              <5> on input line 131.
LaTeX Font Info:    Trying to load font information for U+msa on input line 131
.
(/usr/share/texlive/texmf-dist/tex/latex/amsfonts/umsa.fd
File: umsa.fd 2013/01/14 v3.01 AMS symbols A
) (/usr/share/texlive/texmf-dist/tex/latex/microtype/mt-msa.cfg
File: mt-msa.cfg 2006/02/04 v1.1 microtype config. file: AMS symbols (a) (RS)
)
LaTeX Font Info:    Trying to load font information for U+msb on input line 131
.
(/usr/share/texlive/texmf-dist/tex/latex/amsfonts/umsb.fd
File: umsb.fd 2013/01/14 v3.01 AMS symbols B
) (/usr/share/texlive/texmf-dist/tex/latex/microtype/mt-msb.cfg
File: mt-msb.cfg 2005/06/01 v1.0 microtype config. file: AMS symbols (b) (RS)
)
LaTeX Font Info:    External font `lmex10' loaded for size
(Font)              <8> on input line 131.
LaTeX Font Info:    External font `lmex10' loaded for size
(Font)              <6> on input line 131.
LaTeX Font Info:    Trying to load font information for T1+lmtt on input line 1
31.
(/usr/share/texmf/tex/latex/lm/t1lmtt.fd
File: t1lmtt.fd 2015/05/01 v1.6.1 Font defs for Latin Modern
)
Package microtype Info: Loading generic protrusion settings for font family
(microtype)             `lmtt' (encoding: T1).
(microtype)             For optimal results, create family-specific settings.
(microtype)             See the microtype manual for details.

Package natbib Warning: Citation `IPCC2021' on page 1 undefined on input line 1
46.


Package natbib Warning: Citation `IPCC2013' on page 1 undefined on input line 1
49.


Package natbib Warning: Citation `IPCCCH112021' on page 1 undefined on input li
ne 151.


Package natbib Warning: Citation `Garreaud2017' on page 1 undefined on input li
ne 153.


Package natbib Warning: Citation `Boisier2018' on page 1 undefined on input lin
e 154.


Package natbib Warning: Citation `Zambrano2020' on page 1 undefined on input li
ne 155.


Package natbib Warning: Citation `Wilhite1985' on page 1 undefined on input lin
e 159.


Package natbib Warning: Citation `Crausbay2017' on page 1 undefined on input li
ne 161.


Package natbib Warning: Citation `Crausbay2017' on page 1 undefined on input li
ne 161.


Package natbib Warning: Citation `IPCC2021' on page 1 undefined on input line 1
65.

LaTeX Font Info:    Trying to load font information for TS1+lmr on input line 1
66.
(/usr/share/texmf/tex/latex/lm/ts1lmr.fd
File: ts1lmr.fd 2015/05/01 v1.6.1 Font defs for Latin Modern
)

Package natbib Warning: Citation `Zambrano2016' on page 1 undefined on input li
ne 170.


Package natbib Warning: Citation `Zambrano2018' on page 1 undefined on input li
ne 170.


Package natbib Warning: Citation `Zambrano2020' on page 1 undefined on input li
ne 173.


Package natbib Warning: Citation `West2019' on page 1 undefined on input line 1
77.


Package natbib Warning: Citation `AghaKouchak2015' on page 1 undefined on input
 line 177.


Package natbib Warning: Citation `Kogan1990' on page 1 undefined on input line 
180.


Package natbib Warning: Citation `Kogan1995' on page 1 undefined on input line 
180.


Package natbib Warning: Citation `Peters2002' on page 1 undefined on input line
 181.


Package natbib Warning: Citation `Brown2008' on page 1 undefined on input line 
181.


Package natbib Warning: Citation `Mishra2015' on page 1 undefined on input line
 185.


Package natbib Warning: Citation `Younes2021' on page 1 undefined on input line
 187.


Package natbib Warning: Citation `Vrieling2018' on page 1 undefined on input li
ne 187.


Package natbib Warning: Citation `Cai2017' on page 1 undefined on input line 18
7.


Package natbib Warning: Citation `Friedl2019' on page 1 undefined on input line
 188.


Package natbib Warning: Citation `Meroni2017' on page 1 undefined on input line
 190.


Package natbib Warning: Citation `Zambrano2018' on page 1 undefined on input li
ne 193.


Package natbib Warning: Citation `Tran2019' on page 1 undefined on input line 1
96.


Package natbib Warning: Citation `Akinyemi2021' on page 1 undefined on input li
ne 196.


Package natbib Warning: Citation `Friedl2019' on page 1 undefined on input line
 198.


Package natbib Warning: Citation `ESA2017' on page 1 undefined on input line 19
8.


Package natbib Warning: Citation `Zhao2016' on page 1 undefined on input line 2
00.


Overfull \hbox (2.22221pt too wide) has occurred while \output is active
[] 
 []


Package hyperref Warning: Token not allowed in a PDF string (Unicode):
(hyperref)                removing `\<def>-command' on input line 202.


Package hyperref Warning: Token not allowed in a PDF string (Unicode):
(hyperref)                removing `\cnotenum' on input line 202.


Package hyperref Warning: Token not allowed in a PDF string (Unicode):
(hyperref)                removing `\<def>-command' on input line 202.


Package hyperref Warning: Token not allowed in a PDF string (Unicode):
(hyperref)                removing `\@corref' on input line 202.


Package hyperref Warning: Token not allowed in a PDF string (Unicode):
(hyperref)                removing `\<let>-command' on input line 202.


Package hyperref Warning: Token not allowed in a PDF string (Unicode):
(hyperref)                removing `\comma' on input line 202.


Package hyperref Warning: Token not allowed in a PDF string (Unicode):
(hyperref)                removing `\<def>-command' on input line 202.


Package hyperref Warning: Token not allowed in a PDF string (Unicode):
(hyperref)                removing `\@fnmark' on input line 202.


Package hyperref Warning: Token not allowed in a PDF string (Unicode):
(hyperref)                removing `\<let>-command' on input line 202.


Package hyperref Warning: Token not allowed in a PDF string (Unicode):
(hyperref)                removing `\comma' on input line 202.


Package hyperref Warning: Token not allowed in a PDF string (Unicode):
(hyperref)                removing `\<def>-command' on input line 202.


Package hyperref Warning: Token not allowed in a PDF string (Unicode):
(hyperref)                removing `\@fnmark' on input line 202.


Package hyperref Warning: Token not allowed in a PDF string (Unicode):
(hyperref)                removing `\<let>-command' on input line 202.


Package hyperref Warning: Token not allowed in a PDF string (Unicode):
(hyperref)                removing `\comma' on input line 202.


Package hyperref Warning: Token not allowed in a PDF string (Unicode):
(hyperref)                removing `\<def>-command' on input line 202.


Package hyperref Warning: Token not allowed in a PDF string (Unicode):
(hyperref)                removing `\@fnmark' on input line 202.

[1

{/var/lib/texmf/fonts/map/pdftex/updmap/pdftex.map}]

Package natbib Warning: Citation `Paruelo2016' on page 2 undefined on input lin
e 204.


Package natbib Warning: Citation `Schucknecht2017' on page 2 undefined on input
 line 204.


Package natbib Warning: Citation `Mishra2015' on page 2 undefined on input line
 205.


Package natbib Warning: Citation `WMO2012' on page 2 undefined on input line 21
0.


Package natbib Warning: Citation `McKee1993' on page 2 undefined on input line 
212.


Package natbib Warning: Citation `Zambrano2017' on page 2 undefined on input li
ne 213.


Package natbib Warning: Citation `Funk2015' on page 2 undefined on input line 2
15.


Package natbib Warning: Citation `FAO66' on page 2 undefined on input line 217.



Package natbib Warning: Citation `Pereira2015' on page 2 undefined on input lin
e 220.


Package natbib Warning: Citation `Allen2005' on page 2 undefined on input line 
220.


Package natbib Warning: Citation `IPCCCH112021' on page 2 undefined on input li
ne 221.


Package natbib Warning: Citation `Milly2016' on page 2 undefined on input line 
222.


Package natbib Warning: Citation `Running2021' on page 2 undefined on input lin
e 224.


Package natbib Warning: Citation `Mu2011' on page 2 undefined on input line 224
.


Package natbib Warning: Citation `Mu2013' on page 2 undefined on input line 225
.


Package natbib Warning: Citation `Dorigo2017' on page 2 undefined on input line
 228.


Package natbib Warning: Citation `Zhang2019' on page 2 undefined on input line 
230.


Package natbib Warning: Citation `Ahmed2014' on page 2 undefined on input line 
232.


Package natbib Warning: Citation `Ma2017' on page 2 undefined on input line 232
.

<../output/figs/map_study_con_landcover.png, id=110, 675.0018pt x 707.5233pt>
File: ../output/figs/map_study_con_landcover.png Graphic file (type png)
<use ../output/figs/map_study_con_landcover.png>
Package pdftex.def Info: ../output/figs/map_study_con_landcover.png  used on in
put line 252.
(pdftex.def)             Requested size: 468.0pt x 490.5451pt.
<article_files/figure-latex//plot_19671073045199.pdf, id=112, 48.18pt x 12.045p
t>
File: article_files/figure-latex//plot_19671073045199.pdf Graphic file (type pd
f)
<use article_files/figure-latex//plot_19671073045199.pdf>
Package pdftex.def Info: article_files/figure-latex//plot_19671073045199.pdf  u
sed on input line 312.
(pdftex.def)             Requested size: 48.42024pt x 12.2857pt.
<article_files/figure-latex//plot_19671013721869.pdf, id=113, 48.18pt x 12.045p
t>
File: article_files/figure-latex//plot_19671013721869.pdf Graphic file (type pd
f)
<use article_files/figure-latex//plot_19671013721869.pdf>
Package pdftex.def Info: article_files/figure-latex//plot_19671013721869.pdf  u
sed on input line 312.
(pdftex.def)             Requested size: 48.42024pt x 12.2857pt.
<article_files/figure-latex//plot_19671079e41f67.pdf, id=114, 48.18pt x 12.045p
t>
File: article_files/figure-latex//plot_19671079e41f67.pdf Graphic file (type pd
f)
<use article_files/figure-latex//plot_19671079e41f67.pdf>
Package pdftex.def Info: article_files/figure-latex//plot_19671079e41f67.pdf  u
sed on input line 312.
(pdftex.def)             Requested size: 48.42024pt x 12.2857pt.
<article_files/figure-latex//plot_19671075ebd9d8.pdf, id=115, 48.18pt x 12.045p
t>
File: article_files/figure-latex//plot_19671075ebd9d8.pdf Graphic file (type pd
f)
<use article_files/figure-latex//plot_19671075ebd9d8.pdf>
Package pdftex.def Info: article_files/figure-latex//plot_19671075ebd9d8.pdf  u
sed on input line 312.
(pdftex.def)             Requested size: 48.42024pt x 12.2857pt.
<article_files/figure-latex//plot_196710524640a1.pdf, id=116, 48.18pt x 12.045p
t>
File: article_files/figure-latex//plot_196710524640a1.pdf Graphic file (type pd
f)
<use article_files/figure-latex//plot_196710524640a1.pdf>
Package pdftex.def Info: article_files/figure-latex//plot_196710524640a1.pdf  u
sed on input line 312.
(pdftex.def)             Requested size: 48.42024pt x 12.2857pt.
<article_files/figure-latex//plot_19671012073e8a.pdf, id=117, 48.18pt x 12.045p
t>
File: article_files/figure-latex//plot_19671012073e8a.pdf Graphic file (type pd
f)
<use article_files/figure-latex//plot_19671012073e8a.pdf>
Package pdftex.def Info: article_files/figure-latex//plot_19671012073e8a.pdf  u
sed on input line 312.
(pdftex.def)             Requested size: 48.42024pt x 12.2857pt.
<article_files/figure-latex//plot_19671061580771.pdf, id=118, 48.18pt x 12.045p
t>
File: article_files/figure-latex//plot_19671061580771.pdf Graphic file (type pd
f)
<use article_files/figure-latex//plot_19671061580771.pdf>
Package pdftex.def Info: article_files/figure-latex//plot_19671061580771.pdf  u
sed on input line 312.
(pdftex.def)             Requested size: 48.42024pt x 12.2857pt.
<article_files/figure-latex//plot_1967101832bef9.pdf, id=119, 48.18pt x 12.045p
t>
File: article_files/figure-latex//plot_1967101832bef9.pdf Graphic file (type pd
f)
<use article_files/figure-latex//plot_1967101832bef9.pdf>
Package pdftex.def Info: article_files/figure-latex//plot_1967101832bef9.pdf  u
sed on input line 312.
(pdftex.def)             Requested size: 48.42024pt x 12.2857pt.
<article_files/figure-latex//plot_1967105771ba87.pdf, id=120, 48.18pt x 12.045p
t>
File: article_files/figure-latex//plot_1967105771ba87.pdf Graphic file (type pd
f)
<use article_files/figure-latex//plot_1967105771ba87.pdf>
Package pdftex.def Info: article_files/figure-latex//plot_1967105771ba87.pdf  u
sed on input line 312.
(pdftex.def)             Requested size: 48.42024pt x 12.2857pt.
<article_files/figure-latex//plot_19671042ea518f.pdf, id=121, 48.18pt x 12.045p
t>
File: article_files/figure-latex//plot_19671042ea518f.pdf Graphic file (type pd
f)
<use article_files/figure-latex//plot_19671042ea518f.pdf>
Package pdftex.def Info: article_files/figure-latex//plot_19671042ea518f.pdf  u
sed on input line 312.
(pdftex.def)             Requested size: 48.42024pt x 12.2857pt.
<article_files/figure-latex//plot_196710607baab3.pdf, id=122, 48.18pt x 12.045p
t>
File: article_files/figure-latex//plot_196710607baab3.pdf Graphic file (type pd
f)
<use article_files/figure-latex//plot_196710607baab3.pdf>
Package pdftex.def Info: article_files/figure-latex//plot_196710607baab3.pdf  u
sed on input line 312.
(pdftex.def)             Requested size: 48.42024pt x 12.2857pt.
<article_files/figure-latex//plot_1967106f91099.pdf, id=123, 48.18pt x 12.045pt
>
File: article_files/figure-latex//plot_1967106f91099.pdf Graphic file (type pdf
)
<use article_files/figure-latex//plot_1967106f91099.pdf>
Package pdftex.def Info: article_files/figure-latex//plot_1967106f91099.pdf  us
ed on input line 312.
(pdftex.def)             Requested size: 48.42024pt x 12.2857pt.
<article_files/figure-latex//plot_1967105c411aeb.pdf, id=124, 48.18pt x 12.045p
t>
File: article_files/figure-latex//plot_1967105c411aeb.pdf Graphic file (type pd
f)
<use article_files/figure-latex//plot_1967105c411aeb.pdf>
Package pdftex.def Info: article_files/figure-latex//plot_1967105c411aeb.pdf  u
sed on input line 312.
(pdftex.def)             Requested size: 48.42024pt x 12.2857pt.
<article_files/figure-latex//plot_1967108a6119a.pdf, id=125, 48.18pt x 12.045pt
>
File: article_files/figure-latex//plot_1967108a6119a.pdf Graphic file (type pdf
)
<use article_files/figure-latex//plot_1967108a6119a.pdf>
Package pdftex.def Info: article_files/figure-latex//plot_1967108a6119a.pdf  us
ed on input line 312.
(pdftex.def)             Requested size: 48.42024pt x 12.2857pt.
<article_files/figure-latex//plot_19671016b408b2.pdf, id=126, 48.18pt x 12.045p
t>
File: article_files/figure-latex//plot_19671016b408b2.pdf Graphic file (type pd
f)
<use article_files/figure-latex//plot_19671016b408b2.pdf>
Package pdftex.def Info: article_files/figure-latex//plot_19671016b408b2.pdf  u
sed on input line 312.
(pdftex.def)             Requested size: 48.42024pt x 12.2857pt.
<article_files/figure-latex//plot_1967103ee6f936.pdf, id=127, 48.18pt x 12.045p
t>
File: article_files/figure-latex//plot_1967103ee6f936.pdf Graphic file (type pd
f)
<use article_files/figure-latex//plot_1967103ee6f936.pdf>
Package pdftex.def Info: article_files/figure-latex//plot_1967103ee6f936.pdf  u
sed on input line 312.
(pdftex.def)             Requested size: 48.42024pt x 12.2857pt.
<article_files/figure-latex//plot_19671074c30c6.pdf, id=128, 48.18pt x 12.045pt
>
File: article_files/figure-latex//plot_19671074c30c6.pdf Graphic file (type pdf
)
<use article_files/figure-latex//plot_19671074c30c6.pdf>
Package pdftex.def Info: article_files/figure-latex//plot_19671074c30c6.pdf  us
ed on input line 312.
(pdftex.def)             Requested size: 48.42024pt x 12.2857pt.
<article_files/figure-latex//plot_19671056667823.pdf, id=129, 48.18pt x 12.045p
t>
File: article_files/figure-latex//plot_19671056667823.pdf Graphic file (type pd
f)
<use article_files/figure-latex//plot_19671056667823.pdf>
Package pdftex.def Info: article_files/figure-latex//plot_19671056667823.pdf  u
sed on input line 312.
(pdftex.def)             Requested size: 48.42024pt x 12.2857pt.
<article_files/figure-latex//plot_1967106cc832ad.pdf, id=130, 48.18pt x 12.045p
t>
File: article_files/figure-latex//plot_1967106cc832ad.pdf Graphic file (type pd
f)
<use article_files/figure-latex//plot_1967106cc832ad.pdf>
Package pdftex.def Info: article_files/figure-latex//plot_1967106cc832ad.pdf  u
sed on input line 312.
(pdftex.def)             Requested size: 48.42024pt x 12.2857pt.
<article_files/figure-latex//plot_19671034e3692f.pdf, id=131, 48.18pt x 12.045p
t>
File: article_files/figure-latex//plot_19671034e3692f.pdf Graphic file (type pd
f)
<use article_files/figure-latex//plot_19671034e3692f.pdf>
Package pdftex.def Info: article_files/figure-latex//plot_19671034e3692f.pdf  u
sed on input line 312.
(pdftex.def)             Requested size: 48.42024pt x 12.2857pt.
<article_files/figure-latex//plot_1967104ac90971.pdf, id=132, 48.18pt x 12.045p
t>
File: article_files/figure-latex//plot_1967104ac90971.pdf Graphic file (type pd
f)
<use article_files/figure-latex//plot_1967104ac90971.pdf>
Package pdftex.def Info: article_files/figure-latex//plot_1967104ac90971.pdf  u
sed on input line 312.
(pdftex.def)             Requested size: 48.42024pt x 12.2857pt.
<article_files/figure-latex//plot_1967107f7df47e.pdf, id=133, 48.18pt x 12.045p
t>
File: article_files/figure-latex//plot_1967107f7df47e.pdf Graphic file (type pd
f)
<use article_files/figure-latex//plot_1967107f7df47e.pdf>
Package pdftex.def Info: article_files/figure-latex//plot_1967107f7df47e.pdf  u
sed on input line 312.
(pdftex.def)             Requested size: 48.42024pt x 12.2857pt.
<article_files/figure-latex//plot_1967104e385249.pdf, id=134, 48.18pt x 12.045p
t>
File: article_files/figure-latex//plot_1967104e385249.pdf Graphic file (type pd
f)
<use article_files/figure-latex//plot_1967104e385249.pdf>
Package pdftex.def Info: article_files/figure-latex//plot_1967104e385249.pdf  u
sed on input line 312.
(pdftex.def)             Requested size: 48.42024pt x 12.2857pt.
<article_files/figure-latex//plot_19671013698bfb.pdf, id=135, 48.18pt x 12.045p
t>
File: article_files/figure-latex//plot_19671013698bfb.pdf Graphic file (type pd
f)
<use article_files/figure-latex//plot_19671013698bfb.pdf>
Package pdftex.def Info: article_files/figure-latex//plot_19671013698bfb.pdf  u
sed on input line 312.
(pdftex.def)             Requested size: 48.42024pt x 12.2857pt.
<article_files/figure-latex//plot_196710491ed82a.pdf, id=136, 48.18pt x 12.045p
t>
File: article_files/figure-latex//plot_196710491ed82a.pdf Graphic file (type pd
f)
<use article_files/figure-latex//plot_196710491ed82a.pdf>
Package pdftex.def Info: article_files/figure-latex//plot_196710491ed82a.pdf  u
sed on input line 312.
(pdftex.def)             Requested size: 48.42024pt x 12.2857pt.
<article_files/figure-latex//plot_196710190c87cf.pdf, id=137, 48.18pt x 12.045p
t>
File: article_files/figure-latex//plot_196710190c87cf.pdf Graphic file (type pd
f)
<use article_files/figure-latex//plot_196710190c87cf.pdf>
Package pdftex.def Info: article_files/figure-latex//plot_196710190c87cf.pdf  u
sed on input line 312.
(pdftex.def)             Requested size: 48.42024pt x 12.2857pt.
<article_files/figure-latex//plot_1967101d6ab929.pdf, id=138, 48.18pt x 12.045p
t>
File: article_files/figure-latex//plot_1967101d6ab929.pdf Graphic file (type pd
f)
<use article_files/figure-latex//plot_1967101d6ab929.pdf>
Package pdftex.def Info: article_files/figure-latex//plot_1967101d6ab929.pdf  u
sed on input line 312.
(pdftex.def)             Requested size: 48.42024pt x 12.2857pt.
<article_files/figure-latex//plot_19671033cd1ca4.pdf, id=139, 48.18pt x 12.045p
t>
File: article_files/figure-latex//plot_19671033cd1ca4.pdf Graphic file (type pd
f)
<use article_files/figure-latex//plot_19671033cd1ca4.pdf>
Package pdftex.def Info: article_files/figure-latex//plot_19671033cd1ca4.pdf  u
sed on input line 312.
(pdftex.def)             Requested size: 48.42024pt x 12.2857pt.
<article_files/figure-latex//plot_1967101f22c71d.pdf, id=140, 48.18pt x 12.045p
t>
File: article_files/figure-latex//plot_1967101f22c71d.pdf Graphic file (type pd
f)
<use article_files/figure-latex//plot_1967101f22c71d.pdf>
Package pdftex.def Info: article_files/figure-latex//plot_1967101f22c71d.pdf  u
sed on input line 312.
(pdftex.def)             Requested size: 48.42024pt x 12.2857pt.
<article_files/figure-latex//plot_196710336ead1.pdf, id=141, 48.18pt x 12.045pt
>
File: article_files/figure-latex//plot_196710336ead1.pdf Graphic file (type pdf
)
<use article_files/figure-latex//plot_196710336ead1.pdf>
Package pdftex.def Info: article_files/figure-latex//plot_196710336ead1.pdf  us
ed on input line 312.
(pdftex.def)             Requested size: 48.42024pt x 12.2857pt.
[2] [3
pdfTeX warning (ext4): destination with the same identifier (name{figure.1}) ha
s been already used, duplicate ignored
<argument> ...shipout:D \box_use:N \l_shi